CRITICAL - 2024-02-11 03:20:08 --> CodeIgniter\View\Exceptions\ViewException: Invalid file: "layout/header.php"
in SYSTEMPATH\Exceptions\FrameworkException.php on line 39.
 1 SYSTEMPATH\View\View.php(216): CodeIgniter\Exceptions\FrameworkException::forInvalidFile('layout/header.php')
 2 SYSTEMPATH\Common.php(1178): CodeIgniter\View\View->render('layout/header', [], true)
 3 APPPATH\Controllers\Dashboard.php(9): view('layout/header')
 4 SYSTEMPATH\CodeIgniter.php(941): App\Controllers\Dashboard->index()
 5 SYSTEMPATH\CodeIgniter.php(502): CodeIgniter\CodeIgniter->runController(Object(App\Controllers\Dashboard))
 6 SYSTEMPATH\CodeIgniter.php(361): CodeIgniter\CodeIgniter->handleRequest(null, Object(Config\Cache), false)
 7 FCPATH\index.php(79): CodeIgniter\CodeIgniter->run()
 8 SYSTEMPATH\Commands\Server\rewrite.php(47): require_once('C:\\xampp\\htdocs\\ci4app\\public\\index.php')
CRITICAL - 2024-02-11 03:20:10 --> CodeIgniter\View\Exceptions\ViewException: Invalid file: "layout/header.php"
in SYSTEMPATH\Exceptions\FrameworkException.php on line 39.
 1 SYSTEMPATH\View\View.php(216): CodeIgniter\Exceptions\FrameworkException::forInvalidFile('layout/header.php')
 2 SYSTEMPATH\Common.php(1178): CodeIgniter\View\View->render('layout/header', [], true)
 3 APPPATH\Controllers\Dashboard.php(9): view('layout/header')
 4 SYSTEMPATH\CodeIgniter.php(941): App\Controllers\Dashboard->index()
 5 SYSTEMPATH\CodeIgniter.php(502): CodeIgniter\CodeIgniter->runController(Object(App\Controllers\Dashboard))
 6 SYSTEMPATH\CodeIgniter.php(361): CodeIgniter\CodeIgniter->handleRequest(null, Object(Config\Cache), false)
 7 FCPATH\index.php(79): CodeIgniter\CodeIgniter->run()
 8 SYSTEMPATH\Commands\Server\rewrite.php(47): require_once('C:\\xampp\\htdocs\\ci4app\\public\\index.php')
CRITICAL - 2024-02-11 03:20:10 --> CodeIgniter\View\Exceptions\ViewException: Invalid file: "layout/header.php"
in SYSTEMPATH\Exceptions\FrameworkException.php on line 39.
 1 SYSTEMPATH\View\View.php(216): CodeIgniter\Exceptions\FrameworkException::forInvalidFile('layout/header.php')
 2 SYSTEMPATH\Common.php(1178): CodeIgniter\View\View->render('layout/header', [], true)
 3 APPPATH\Controllers\Dashboard.php(9): view('layout/header')
 4 SYSTEMPATH\CodeIgniter.php(941): App\Controllers\Dashboard->index()
 5 SYSTEMPATH\CodeIgniter.php(502): CodeIgniter\CodeIgniter->runController(Object(App\Controllers\Dashboard))
 6 SYSTEMPATH\CodeIgniter.php(361): CodeIgniter\CodeIgniter->handleRequest(null, Object(Config\Cache), false)
 7 FCPATH\index.php(79): CodeIgniter\CodeIgniter->run()
 8 SYSTEMPATH\Commands\Server\rewrite.php(47): require_once('C:\\xampp\\htdocs\\ci4app\\public\\index.php')
CRITICAL - 2024-02-11 03:21:30 --> CodeIgniter\View\Exceptions\ViewException: Invalid file: "layout/header.php"
in SYSTEMPATH\Exceptions\FrameworkException.php on line 39.
 1 SYSTEMPATH\View\View.php(216): CodeIgniter\Exceptions\FrameworkException::forInvalidFile('layout/header.php')
 2 SYSTEMPATH\Common.php(1178): CodeIgniter\View\View->render('layout/header', [], true)
 3 APPPATH\Controllers\Dashboard.php(9): view('layout/header')
 4 SYSTEMPATH\CodeIgniter.php(941): App\Controllers\Dashboard->index()
 5 SYSTEMPATH\CodeIgniter.php(502): CodeIgniter\CodeIgniter->runController(Object(App\Controllers\Dashboard))
 6 SYSTEMPATH\CodeIgniter.php(361): CodeIgniter\CodeIgniter->handleRequest(null, Object(Config\Cache), false)
 7 FCPATH\index.php(79): CodeIgniter\CodeIgniter->run()
 8 SYSTEMPATH\Commands\Server\rewrite.php(47): require_once('C:\\xampp\\htdocs\\ci4app\\public\\index.php')
CRITICAL - 2024-02-11 03:21:36 --> CodeIgniter\View\Exceptions\ViewException: Invalid file: "layout/header.php"
in SYSTEMPATH\Exceptions\FrameworkException.php on line 39.
 1 SYSTEMPATH\View\View.php(216): CodeIgniter\Exceptions\FrameworkException::forInvalidFile('layout/header.php')
 2 SYSTEMPATH\Common.php(1178): CodeIgniter\View\View->render('layout/header', [], true)
 3 APPPATH\Controllers\Dashboard.php(9): view('layout/header')
 4 SYSTEMPATH\CodeIgniter.php(941): App\Controllers\Dashboard->index()
 5 SYSTEMPATH\CodeIgniter.php(502): CodeIgniter\CodeIgniter->runController(Object(App\Controllers\Dashboard))
 6 SYSTEMPATH\CodeIgniter.php(361): CodeIgniter\CodeIgniter->handleRequest(null, Object(Config\Cache), false)
 7 FCPATH\index.php(79): CodeIgniter\CodeIgniter->run()
 8 SYSTEMPATH\Commands\Server\rewrite.php(47): require_once('C:\\xampp\\htdocs\\ci4app\\public\\index.php')
CRITICAL - 2024-02-11 03:22:48 --> CodeIgniter\View\Exceptions\ViewException: Invalid file: "Hallo.php"
in SYSTEMPATH\Exceptions\FrameworkException.php on line 39.
 1 SYSTEMPATH\View\View.php(216): CodeIgniter\Exceptions\FrameworkException::forInvalidFile('Hallo.php')
 2 SYSTEMPATH\Common.php(1178): CodeIgniter\View\View->render('Hallo', [], true)
 3 APPPATH\Controllers\Dashboard.php(9): view('Hallo')
 4 SYSTEMPATH\CodeIgniter.php(941): App\Controllers\Dashboard->index()
 5 SYSTEMPATH\CodeIgniter.php(502): CodeIgniter\CodeIgniter->runController(Object(App\Controllers\Dashboard))
 6 SYSTEMPATH\CodeIgniter.php(361): CodeIgniter\CodeIgniter->handleRequest(null, Object(Config\Cache), false)
 7 FCPATH\index.php(79): CodeIgniter\CodeIgniter->run()
 8 SYSTEMPATH\Commands\Server\rewrite.php(47): require_once('C:\\xampp\\htdocs\\ci4app\\public\\index.php')
CRITICAL - 2024-02-11 03:22:48 --> CodeIgniter\View\Exceptions\ViewException: Invalid file: "Hallo.php"
in SYSTEMPATH\Exceptions\FrameworkException.php on line 39.
 1 SYSTEMPATH\View\View.php(216): CodeIgniter\Exceptions\FrameworkException::forInvalidFile('Hallo.php')
 2 SYSTEMPATH\Common.php(1178): CodeIgniter\View\View->render('Hallo', [], true)
 3 APPPATH\Controllers\Dashboard.php(9): view('Hallo')
 4 SYSTEMPATH\CodeIgniter.php(941): App\Controllers\Dashboard->index()
 5 SYSTEMPATH\CodeIgniter.php(502): CodeIgniter\CodeIgniter->runController(Object(App\Controllers\Dashboard))
 6 SYSTEMPATH\CodeIgniter.php(361): CodeIgniter\CodeIgniter->handleRequest(null, Object(Config\Cache), false)
 7 FCPATH\index.php(79): CodeIgniter\CodeIgniter->run()
 8 SYSTEMPATH\Commands\Server\rewrite.php(47): require_once('C:\\xampp\\htdocs\\ci4app\\public\\index.php')
CRITICAL - 2024-02-11 03:22:48 --> CodeIgniter\View\Exceptions\ViewException: Invalid file: "Hallo.php"
in SYSTEMPATH\Exceptions\FrameworkException.php on line 39.
 1 SYSTEMPATH\View\View.php(216): CodeIgniter\Exceptions\FrameworkException::forInvalidFile('Hallo.php')
 2 SYSTEMPATH\Common.php(1178): CodeIgniter\View\View->render('Hallo', [], true)
 3 APPPATH\Controllers\Dashboard.php(9): view('Hallo')
 4 SYSTEMPATH\CodeIgniter.php(941): App\Controllers\Dashboard->index()
 5 SYSTEMPATH\CodeIgniter.php(502): CodeIgniter\CodeIgniter->runController(Object(App\Controllers\Dashboard))
 6 SYSTEMPATH\CodeIgniter.php(361): CodeIgniter\CodeIgniter->handleRequest(null, Object(Config\Cache), false)
 7 FCPATH\index.php(79): CodeIgniter\CodeIgniter->run()
 8 SYSTEMPATH\Commands\Server\rewrite.php(47): require_once('C:\\xampp\\htdocs\\ci4app\\public\\index.php')
CRITICAL - 2024-02-11 03:23:38 --> CodeIgniter\View\Exceptions\ViewException: Invalid file: "layout/header.php"
in SYSTEMPATH\Exceptions\FrameworkException.php on line 39.
 1 SYSTEMPATH\View\View.php(216): CodeIgniter\Exceptions\FrameworkException::forInvalidFile('layout/header.php')
 2 SYSTEMPATH\Common.php(1178): CodeIgniter\View\View->render('layout/header', [], true)
 3 APPPATH\Controllers\Dashboard.php(9): view('layout/header')
 4 SYSTEMPATH\CodeIgniter.php(941): App\Controllers\Dashboard->index()
 5 SYSTEMPATH\CodeIgniter.php(502): CodeIgniter\CodeIgniter->runController(Object(App\Controllers\Dashboard))
 6 SYSTEMPATH\CodeIgniter.php(361): CodeIgniter\CodeIgniter->handleRequest(null, Object(Config\Cache), false)
 7 FCPATH\index.php(79): CodeIgniter\CodeIgniter->run()
 8 SYSTEMPATH\Commands\Server\rewrite.php(47): require_once('C:\\xampp\\htdocs\\ci4app\\public\\index.php')
CRITICAL - 2024-02-11 03:25:43 --> TypeError: App\Controllers\Dashboard::index(): Return value must be of type string, none returned
in APPPATH\Controllers\Dashboard.php on line 12.
 1 SYSTEMPATH\CodeIgniter.php(941): App\Controllers\Dashboard->index()
 2 SYSTEMPATH\CodeIgniter.php(502): CodeIgniter\CodeIgniter->runController(Object(App\Controllers\Dashboard))
 3 SYSTEMPATH\CodeIgniter.php(361): CodeIgniter\CodeIgniter->handleRequest(null, Object(Config\Cache), false)
 4 FCPATH\index.php(79): CodeIgniter\CodeIgniter->run()
 5 SYSTEMPATH\Commands\Server\rewrite.php(47): require_once('C:\\xampp\\htdocs\\ci4app\\public\\index.php')
CRITICAL - 2024-02-11 03:42:25 --> CodeIgniter\View\Exceptions\ViewException: Invalid file: "profile.php"
in SYSTEMPATH\Exceptions\FrameworkException.php on line 39.
 1 SYSTEMPATH\View\View.php(216): CodeIgniter\Exceptions\FrameworkException::forInvalidFile('profile.php')
 2 SYSTEMPATH\Common.php(1178): CodeIgniter\View\View->render('profile', [], true)
 3 APPPATH\Controllers\Profile.php(10): view('profile')
 4 SYSTEMPATH\CodeIgniter.php(941): App\Controllers\Profile->index()
 5 SYSTEMPATH\CodeIgniter.php(502): CodeIgniter\CodeIgniter->runController(Object(App\Controllers\Profile))
 6 SYSTEMPATH\CodeIgniter.php(361): CodeIgniter\CodeIgniter->handleRequest(null, Object(Config\Cache), false)
 7 FCPATH\index.php(79): CodeIgniter\CodeIgniter->run()
 8 SYSTEMPATH\Commands\Server\rewrite.php(47): require_once('C:\\xampp\\htdocs\\ci4app\\public\\index.php')
CRITICAL - 2024-02-11 03:45:02 --> CodeIgniter\View\Exceptions\ViewException: Invalid file: "profile.php"
in SYSTEMPATH\Exceptions\FrameworkException.php on line 39.
 1 SYSTEMPATH\View\View.php(216): CodeIgniter\Exceptions\FrameworkException::forInvalidFile('profile.php')
 2 SYSTEMPATH\Common.php(1178): CodeIgniter\View\View->render('profile', [], true)
 3 APPPATH\Controllers\Profile.php(10): view('profile')
 4 SYSTEMPATH\CodeIgniter.php(941): App\Controllers\Profile->index()
 5 SYSTEMPATH\CodeIgniter.php(502): CodeIgniter\CodeIgniter->runController(Object(App\Controllers\Profile))
 6 SYSTEMPATH\CodeIgniter.php(361): CodeIgniter\CodeIgniter->handleRequest(null, Object(Config\Cache), false)
 7 FCPATH\index.php(79): CodeIgniter\CodeIgniter->run()
 8 SYSTEMPATH\Commands\Server\rewrite.php(47): require_once('C:\\xampp\\htdocs\\ci4app\\public\\index.php')
CRITICAL - 2024-02-11 03:45:22 --> CodeIgniter\View\Exceptions\ViewException: Invalid file: "profile.php"
in SYSTEMPATH\Exceptions\FrameworkException.php on line 39.
 1 SYSTEMPATH\View\View.php(216): CodeIgniter\Exceptions\FrameworkException::forInvalidFile('profile.php')
 2 SYSTEMPATH\Common.php(1178): CodeIgniter\View\View->render('profile', [], true)
 3 APPPATH\Controllers\Profile.php(10): view('profile')
 4 SYSTEMPATH\CodeIgniter.php(941): App\Controllers\Profile->index()
 5 SYSTEMPATH\CodeIgniter.php(502): CodeIgniter\CodeIgniter->runController(Object(App\Controllers\Profile))
 6 SYSTEMPATH\CodeIgniter.php(361): CodeIgniter\CodeIgniter->handleRequest(null, Object(Config\Cache), false)
 7 FCPATH\index.php(79): CodeIgniter\CodeIgniter->run()
 8 SYSTEMPATH\Commands\Server\rewrite.php(47): require_once('C:\\xampp\\htdocs\\ci4app\\public\\index.php')
CRITICAL - 2024-02-11 03:45:23 --> CodeIgniter\View\Exceptions\ViewException: Invalid file: "profile.php"
in SYSTEMPATH\Exceptions\FrameworkException.php on line 39.
 1 SYSTEMPATH\View\View.php(216): CodeIgniter\Exceptions\FrameworkException::forInvalidFile('profile.php')
 2 SYSTEMPATH\Common.php(1178): CodeIgniter\View\View->render('profile', [], true)
 3 APPPATH\Controllers\Profile.php(10): view('profile')
 4 SYSTEMPATH\CodeIgniter.php(941): App\Controllers\Profile->index()
 5 SYSTEMPATH\CodeIgniter.php(502): CodeIgniter\CodeIgniter->runController(Object(App\Controllers\Profile))
 6 SYSTEMPATH\CodeIgniter.php(361): CodeIgniter\CodeIgniter->handleRequest(null, Object(Config\Cache), false)
 7 FCPATH\index.php(79): CodeIgniter\CodeIgniter->run()
 8 SYSTEMPATH\Commands\Server\rewrite.php(47): require_once('C:\\xampp\\htdocs\\ci4app\\public\\index.php')
CRITICAL - 2024-02-11 03:45:59 --> CodeIgniter\View\Exceptions\ViewException: Invalid file: "profile.php"
in SYSTEMPATH\Exceptions\FrameworkException.php on line 39.
 1 SYSTEMPATH\View\View.php(216): CodeIgniter\Exceptions\FrameworkException::forInvalidFile('profile.php')
 2 SYSTEMPATH\Common.php(1178): CodeIgniter\View\View->render('profile', [], true)
 3 APPPATH\Controllers\Profile.php(10): view('profile')
 4 SYSTEMPATH\CodeIgniter.php(941): App\Controllers\Profile->index()
 5 SYSTEMPATH\CodeIgniter.php(502): CodeIgniter\CodeIgniter->runController(Object(App\Controllers\Profile))
 6 SYSTEMPATH\CodeIgniter.php(361): CodeIgniter\CodeIgniter->handleRequest(null, Object(Config\Cache), false)
 7 FCPATH\index.php(79): CodeIgniter\CodeIgniter->run()
 8 SYSTEMPATH\Commands\Server\rewrite.php(47): require_once('C:\\xampp\\htdocs\\ci4app\\public\\index.php')
CRITICAL - 2024-02-11 03:49:12 --> CodeIgniter\View\Exceptions\ViewException: Invalid file: "profile.php"
in SYSTEMPATH\Exceptions\FrameworkException.php on line 39.
 1 SYSTEMPATH\View\View.php(216): CodeIgniter\Exceptions\FrameworkException::forInvalidFile('profile.php')
 2 SYSTEMPATH\Common.php(1178): CodeIgniter\View\View->render('profile', [], true)
 3 APPPATH\Controllers\Dashboard.php(10): view('profile')
 4 SYSTEMPATH\CodeIgniter.php(941): App\Controllers\Dashboard->index()
 5 SYSTEMPATH\CodeIgniter.php(502): CodeIgniter\CodeIgniter->runController(Object(App\Controllers\Dashboard))
 6 SYSTEMPATH\CodeIgniter.php(361): CodeIgniter\CodeIgniter->handleRequest(null, Object(Config\Cache), false)
 7 FCPATH\index.php(79): CodeIgniter\CodeIgniter->run()
 8 SYSTEMPATH\Commands\Server\rewrite.php(47): require_once('C:\\xampp\\htdocs\\ci4app\\public\\index.php')
CRITICAL - 2024-02-11 03:49:13 --> CodeIgniter\View\Exceptions\ViewException: Invalid file: "profile.php"
in SYSTEMPATH\Exceptions\FrameworkException.php on line 39.
 1 SYSTEMPATH\View\View.php(216): CodeIgniter\Exceptions\FrameworkException::forInvalidFile('profile.php')
 2 SYSTEMPATH\Common.php(1178): CodeIgniter\View\View->render('profile', [], true)
 3 APPPATH\Controllers\Dashboard.php(10): view('profile')
 4 SYSTEMPATH\CodeIgniter.php(941): App\Controllers\Dashboard->index()
 5 SYSTEMPATH\CodeIgniter.php(502): CodeIgniter\CodeIgniter->runController(Object(App\Controllers\Dashboard))
 6 SYSTEMPATH\CodeIgniter.php(361): CodeIgniter\CodeIgniter->handleRequest(null, Object(Config\Cache), false)
 7 FCPATH\index.php(79): CodeIgniter\CodeIgniter->run()
 8 SYSTEMPATH\Commands\Server\rewrite.php(47): require_once('C:\\xampp\\htdocs\\ci4app\\public\\index.php')
CRITICAL - 2024-02-11 03:49:13 --> CodeIgniter\View\Exceptions\ViewException: Invalid file: "profile.php"
in SYSTEMPATH\Exceptions\FrameworkException.php on line 39.
 1 SYSTEMPATH\View\View.php(216): CodeIgniter\Exceptions\FrameworkException::forInvalidFile('profile.php')
 2 SYSTEMPATH\Common.php(1178): CodeIgniter\View\View->render('profile', [], true)
 3 APPPATH\Controllers\Dashboard.php(10): view('profile')
 4 SYSTEMPATH\CodeIgniter.php(941): App\Controllers\Dashboard->index()
 5 SYSTEMPATH\CodeIgniter.php(502): CodeIgniter\CodeIgniter->runController(Object(App\Controllers\Dashboard))
 6 SYSTEMPATH\CodeIgniter.php(361): CodeIgniter\CodeIgniter->handleRequest(null, Object(Config\Cache), false)
 7 FCPATH\index.php(79): CodeIgniter\CodeIgniter->run()
 8 SYSTEMPATH\Commands\Server\rewrite.php(47): require_once('C:\\xampp\\htdocs\\ci4app\\public\\index.php')
CRITICAL - 2024-02-11 03:49:14 --> CodeIgniter\View\Exceptions\ViewException: Invalid file: "profile.php"
in SYSTEMPATH\Exceptions\FrameworkException.php on line 39.
 1 SYSTEMPATH\View\View.php(216): CodeIgniter\Exceptions\FrameworkException::forInvalidFile('profile.php')
 2 SYSTEMPATH\Common.php(1178): CodeIgniter\View\View->render('profile', [], true)
 3 APPPATH\Controllers\Dashboard.php(10): view('profile')
 4 SYSTEMPATH\CodeIgniter.php(941): App\Controllers\Dashboard->index()
 5 SYSTEMPATH\CodeIgniter.php(502): CodeIgniter\CodeIgniter->runController(Object(App\Controllers\Dashboard))
 6 SYSTEMPATH\CodeIgniter.php(361): CodeIgniter\CodeIgniter->handleRequest(null, Object(Config\Cache), false)
 7 FCPATH\index.php(79): CodeIgniter\CodeIgniter->run()
 8 SYSTEMPATH\Commands\Server\rewrite.php(47): require_once('C:\\xampp\\htdocs\\ci4app\\public\\index.php')
CRITICAL - 2024-02-11 03:57:58 --> ParseError: syntax error, unexpected end of file
in APPPATH\Views\profile\profile.php on line 248.
 1 SYSTEMPATH\View\View.php(231): CodeIgniter\View\View->CodeIgniter\View\{closure}()
 2 SYSTEMPATH\Common.php(1178): CodeIgniter\View\View->render('profile/profile', [], true)
 3 APPPATH\Controllers\Profile.php(10): view('profile/profile')
 4 SYSTEMPATH\CodeIgniter.php(941): App\Controllers\Profile->index()
 5 SYSTEMPATH\CodeIgniter.php(502): CodeIgniter\CodeIgniter->runController(Object(App\Controllers\Profile))
 6 SYSTEMPATH\CodeIgniter.php(361): CodeIgniter\CodeIgniter->handleRequest(null, Object(Config\Cache), false)
 7 FCPATH\index.php(79): CodeIgniter\CodeIgniter->run()
 8 SYSTEMPATH\Commands\Server\rewrite.php(47): require_once('C:\\xampp\\htdocs\\ci4app\\public\\index.php')
CRITICAL - 2024-02-11 03:58:23 --> ErrorException: Undefined variable $users
in APPPATH\Views\profile\profile.php on line 39.
 1 APPPATH\Views\profile\profile.php(39): CodeIgniter\Debug\Exceptions->errorHandler(2, 'Undefined variable $users', 'C:\\xampp\\htdocs\\ci4app\\app\\Views\\profile\\profile.php', 39)
 2 SYSTEMPATH\View\View.php(228): include('C:\\xampp\\htdocs\\ci4app\\app\\Views\\profile\\profile.php')
 3 SYSTEMPATH\View\View.php(231): CodeIgniter\View\View->CodeIgniter\View\{closure}()
 4 SYSTEMPATH\Common.php(1178): CodeIgniter\View\View->render('profile/profile', [], true)
 5 APPPATH\Controllers\Profile.php(10): view('profile/profile')
 6 SYSTEMPATH\CodeIgniter.php(941): App\Controllers\Profile->index()
 7 SYSTEMPATH\CodeIgniter.php(502): CodeIgniter\CodeIgniter->runController(Object(App\Controllers\Profile))
 8 SYSTEMPATH\CodeIgniter.php(361): CodeIgniter\CodeIgniter->handleRequest(null, Object(Config\Cache), false)
 9 FCPATH\index.php(79): CodeIgniter\CodeIgniter->run()
10 SYSTEMPATH\Commands\Server\rewrite.php(47): require_once('C:\\xampp\\htdocs\\ci4app\\public\\index.php')
CRITICAL - 2024-02-11 03:58:24 --> ErrorException: Undefined variable $users
in APPPATH\Views\profile\profile.php on line 39.
 1 APPPATH\Views\profile\profile.php(39): CodeIgniter\Debug\Exceptions->errorHandler(2, 'Undefined variable $users', 'C:\\xampp\\htdocs\\ci4app\\app\\Views\\profile\\profile.php', 39)
 2 SYSTEMPATH\View\View.php(228): include('C:\\xampp\\htdocs\\ci4app\\app\\Views\\profile\\profile.php')
 3 SYSTEMPATH\View\View.php(231): CodeIgniter\View\View->CodeIgniter\View\{closure}()
 4 SYSTEMPATH\Common.php(1178): CodeIgniter\View\View->render('profile/profile', [], true)
 5 APPPATH\Controllers\Profile.php(10): view('profile/profile')
 6 SYSTEMPATH\CodeIgniter.php(941): App\Controllers\Profile->index()
 7 SYSTEMPATH\CodeIgniter.php(502): CodeIgniter\CodeIgniter->runController(Object(App\Controllers\Profile))
 8 SYSTEMPATH\CodeIgniter.php(361): CodeIgniter\CodeIgniter->handleRequest(null, Object(Config\Cache), false)
 9 FCPATH\index.php(79): CodeIgniter\CodeIgniter->run()
10 SYSTEMPATH\Commands\Server\rewrite.php(47): require_once('C:\\xampp\\htdocs\\ci4app\\public\\index.php')
CRITICAL - 2024-02-11 03:58:24 --> ErrorException: Undefined variable $users
in APPPATH\Views\profile\profile.php on line 39.
 1 APPPATH\Views\profile\profile.php(39): CodeIgniter\Debug\Exceptions->errorHandler(2, 'Undefined variable $users', 'C:\\xampp\\htdocs\\ci4app\\app\\Views\\profile\\profile.php', 39)
 2 SYSTEMPATH\View\View.php(228): include('C:\\xampp\\htdocs\\ci4app\\app\\Views\\profile\\profile.php')
 3 SYSTEMPATH\View\View.php(231): CodeIgniter\View\View->CodeIgniter\View\{closure}()
 4 SYSTEMPATH\Common.php(1178): CodeIgniter\View\View->render('profile/profile', [], true)
 5 APPPATH\Controllers\Profile.php(10): view('profile/profile')
 6 SYSTEMPATH\CodeIgniter.php(941): App\Controllers\Profile->index()
 7 SYSTEMPATH\CodeIgniter.php(502): CodeIgniter\CodeIgniter->runController(Object(App\Controllers\Profile))
 8 SYSTEMPATH\CodeIgniter.php(361): CodeIgniter\CodeIgniter->handleRequest(null, Object(Config\Cache), false)
 9 FCPATH\index.php(79): CodeIgniter\CodeIgniter->run()
10 SYSTEMPATH\Commands\Server\rewrite.php(47): require_once('C:\\xampp\\htdocs\\ci4app\\public\\index.php')
CRITICAL - 2024-02-11 03:58:43 --> ErrorException: Undefined variable $users
in APPPATH\Views\profile\profile.php on line 43.
 1 APPPATH\Views\profile\profile.php(43): CodeIgniter\Debug\Exceptions->errorHandler(2, 'Undefined variable $users', 'C:\\xampp\\htdocs\\ci4app\\app\\Views\\profile\\profile.php', 43)
 2 SYSTEMPATH\View\View.php(228): include('C:\\xampp\\htdocs\\ci4app\\app\\Views\\profile\\profile.php')
 3 SYSTEMPATH\View\View.php(231): CodeIgniter\View\View->CodeIgniter\View\{closure}()
 4 SYSTEMPATH\Common.php(1178): CodeIgniter\View\View->render('profile/profile', [], true)
 5 APPPATH\Controllers\Profile.php(10): view('profile/profile')
 6 SYSTEMPATH\CodeIgniter.php(941): App\Controllers\Profile->index()
 7 SYSTEMPATH\CodeIgniter.php(502): CodeIgniter\CodeIgniter->runController(Object(App\Controllers\Profile))
 8 SYSTEMPATH\CodeIgniter.php(361): CodeIgniter\CodeIgniter->handleRequest(null, Object(Config\Cache), false)
 9 FCPATH\index.php(79): CodeIgniter\CodeIgniter->run()
10 SYSTEMPATH\Commands\Server\rewrite.php(47): require_once('C:\\xampp\\htdocs\\ci4app\\public\\index.php')
CRITICAL - 2024-02-11 03:58:43 --> ErrorException: Undefined variable $users
in APPPATH\Views\profile\profile.php on line 43.
 1 APPPATH\Views\profile\profile.php(43): CodeIgniter\Debug\Exceptions->errorHandler(2, 'Undefined variable $users', 'C:\\xampp\\htdocs\\ci4app\\app\\Views\\profile\\profile.php', 43)
 2 SYSTEMPATH\View\View.php(228): include('C:\\xampp\\htdocs\\ci4app\\app\\Views\\profile\\profile.php')
 3 SYSTEMPATH\View\View.php(231): CodeIgniter\View\View->CodeIgniter\View\{closure}()
 4 SYSTEMPATH\Common.php(1178): CodeIgniter\View\View->render('profile/profile', [], true)
 5 APPPATH\Controllers\Profile.php(10): view('profile/profile')
 6 SYSTEMPATH\CodeIgniter.php(941): App\Controllers\Profile->index()
 7 SYSTEMPATH\CodeIgniter.php(502): CodeIgniter\CodeIgniter->runController(Object(App\Controllers\Profile))
 8 SYSTEMPATH\CodeIgniter.php(361): CodeIgniter\CodeIgniter->handleRequest(null, Object(Config\Cache), false)
 9 FCPATH\index.php(79): CodeIgniter\CodeIgniter->run()
10 SYSTEMPATH\Commands\Server\rewrite.php(47): require_once('C:\\xampp\\htdocs\\ci4app\\public\\index.php')
CRITICAL - 2024-02-11 04:00:34 --> ErrorException: Undefined variable $users
in APPPATH\Views\profile\profile.php on line 43.
 1 APPPATH\Views\profile\profile.php(43): CodeIgniter\Debug\Exceptions->errorHandler(2, 'Undefined variable $users', 'C:\\xampp\\htdocs\\ci4app\\app\\Views\\profile\\profile.php', 43)
 2 SYSTEMPATH\View\View.php(228): include('C:\\xampp\\htdocs\\ci4app\\app\\Views\\profile\\profile.php')
 3 SYSTEMPATH\View\View.php(231): CodeIgniter\View\View->CodeIgniter\View\{closure}()
 4 SYSTEMPATH\Common.php(1178): CodeIgniter\View\View->render('profile/profile', [], true)
 5 APPPATH\Controllers\Profile.php(12): view('profile/profile')
 6 SYSTEMPATH\CodeIgniter.php(941): App\Controllers\Profile->index()
 7 SYSTEMPATH\CodeIgniter.php(502): CodeIgniter\CodeIgniter->runController(Object(App\Controllers\Profile))
 8 SYSTEMPATH\CodeIgniter.php(361): CodeIgniter\CodeIgniter->handleRequest(null, Object(Config\Cache), false)
 9 FCPATH\index.php(79): CodeIgniter\CodeIgniter->run()
10 SYSTEMPATH\Commands\Server\rewrite.php(47): require_once('C:\\xampp\\htdocs\\ci4app\\public\\index.php')
CRITICAL - 2024-02-11 04:00:35 --> ErrorException: Undefined variable $users
in APPPATH\Views\profile\profile.php on line 43.
 1 APPPATH\Views\profile\profile.php(43): CodeIgniter\Debug\Exceptions->errorHandler(2, 'Undefined variable $users', 'C:\\xampp\\htdocs\\ci4app\\app\\Views\\profile\\profile.php', 43)
 2 SYSTEMPATH\View\View.php(228): include('C:\\xampp\\htdocs\\ci4app\\app\\Views\\profile\\profile.php')
 3 SYSTEMPATH\View\View.php(231): CodeIgniter\View\View->CodeIgniter\View\{closure}()
 4 SYSTEMPATH\Common.php(1178): CodeIgniter\View\View->render('profile/profile', [], true)
 5 APPPATH\Controllers\Profile.php(12): view('profile/profile')
 6 SYSTEMPATH\CodeIgniter.php(941): App\Controllers\Profile->index()
 7 SYSTEMPATH\CodeIgniter.php(502): CodeIgniter\CodeIgniter->runController(Object(App\Controllers\Profile))
 8 SYSTEMPATH\CodeIgniter.php(361): CodeIgniter\CodeIgniter->handleRequest(null, Object(Config\Cache), false)
 9 FCPATH\index.php(79): CodeIgniter\CodeIgniter->run()
10 SYSTEMPATH\Commands\Server\rewrite.php(47): require_once('C:\\xampp\\htdocs\\ci4app\\public\\index.php')
CRITICAL - 2024-02-11 04:00:35 --> ErrorException: Undefined variable $users
in APPPATH\Views\profile\profile.php on line 43.
 1 APPPATH\Views\profile\profile.php(43): CodeIgniter\Debug\Exceptions->errorHandler(2, 'Undefined variable $users', 'C:\\xampp\\htdocs\\ci4app\\app\\Views\\profile\\profile.php', 43)
 2 SYSTEMPATH\View\View.php(228): include('C:\\xampp\\htdocs\\ci4app\\app\\Views\\profile\\profile.php')
 3 SYSTEMPATH\View\View.php(231): CodeIgniter\View\View->CodeIgniter\View\{closure}()
 4 SYSTEMPATH\Common.php(1178): CodeIgniter\View\View->render('profile/profile', [], true)
 5 APPPATH\Controllers\Profile.php(12): view('profile/profile')
 6 SYSTEMPATH\CodeIgniter.php(941): App\Controllers\Profile->index()
 7 SYSTEMPATH\CodeIgniter.php(502): CodeIgniter\CodeIgniter->runController(Object(App\Controllers\Profile))
 8 SYSTEMPATH\CodeIgniter.php(361): CodeIgniter\CodeIgniter->handleRequest(null, Object(Config\Cache), false)
 9 FCPATH\index.php(79): CodeIgniter\CodeIgniter->run()
10 SYSTEMPATH\Commands\Server\rewrite.php(47): require_once('C:\\xampp\\htdocs\\ci4app\\public\\index.php')
CRITICAL - 2024-02-11 04:01:44 --> Error: Class "App\Models\UserModel" not found
in APPPATH\Controllers\Profile.php on line 11.
 1 SYSTEMPATH\CodeIgniter.php(941): App\Controllers\Profile->index()
 2 SYSTEMPATH\CodeIgniter.php(502): CodeIgniter\CodeIgniter->runController(Object(App\Controllers\Profile))
 3 SYSTEMPATH\CodeIgniter.php(361): CodeIgniter\CodeIgniter->handleRequest(null, Object(Config\Cache), false)
 4 FCPATH\index.php(79): CodeIgniter\CodeIgniter->run()
 5 SYSTEMPATH\Commands\Server\rewrite.php(47): require_once('C:\\xampp\\htdocs\\ci4app\\public\\index.php')
CRITICAL - 2024-02-11 04:01:45 --> Error: Class "App\Models\UserModel" not found
in APPPATH\Controllers\Profile.php on line 11.
 1 SYSTEMPATH\CodeIgniter.php(941): App\Controllers\Profile->index()
 2 SYSTEMPATH\CodeIgniter.php(502): CodeIgniter\CodeIgniter->runController(Object(App\Controllers\Profile))
 3 SYSTEMPATH\CodeIgniter.php(361): CodeIgniter\CodeIgniter->handleRequest(null, Object(Config\Cache), false)
 4 FCPATH\index.php(79): CodeIgniter\CodeIgniter->run()
 5 SYSTEMPATH\Commands\Server\rewrite.php(47): require_once('C:\\xampp\\htdocs\\ci4app\\public\\index.php')
CRITICAL - 2024-02-11 04:01:45 --> Error: Class "App\Models\UserModel" not found
in APPPATH\Controllers\Profile.php on line 11.
 1 SYSTEMPATH\CodeIgniter.php(941): App\Controllers\Profile->index()
 2 SYSTEMPATH\CodeIgniter.php(502): CodeIgniter\CodeIgniter->runController(Object(App\Controllers\Profile))
 3 SYSTEMPATH\CodeIgniter.php(361): CodeIgniter\CodeIgniter->handleRequest(null, Object(Config\Cache), false)
 4 FCPATH\index.php(79): CodeIgniter\CodeIgniter->run()
 5 SYSTEMPATH\Commands\Server\rewrite.php(47): require_once('C:\\xampp\\htdocs\\ci4app\\public\\index.php')
CRITICAL - 2024-02-11 04:03:10 --> Error: Class "App\Models\UserModel" not found
in APPPATH\Controllers\Profile.php on line 11.
 1 SYSTEMPATH\CodeIgniter.php(941): App\Controllers\Profile->index()
 2 SYSTEMPATH\CodeIgniter.php(502): CodeIgniter\CodeIgniter->runController(Object(App\Controllers\Profile))
 3 SYSTEMPATH\CodeIgniter.php(361): CodeIgniter\CodeIgniter->handleRequest(null, Object(Config\Cache), false)
 4 FCPATH\index.php(79): CodeIgniter\CodeIgniter->run()
 5 SYSTEMPATH\Commands\Server\rewrite.php(47): require_once('C:\\xampp\\htdocs\\ci4app\\public\\index.php')
CRITICAL - 2024-02-11 04:04:20 --> Error: Class "App\Models\UserModel" not found
in APPPATH\Controllers\Profile.php on line 11.
 1 SYSTEMPATH\CodeIgniter.php(941): App\Controllers\Profile->index()
 2 SYSTEMPATH\CodeIgniter.php(502): CodeIgniter\CodeIgniter->runController(Object(App\Controllers\Profile))
 3 SYSTEMPATH\CodeIgniter.php(361): CodeIgniter\CodeIgniter->handleRequest(null, Object(Config\Cache), false)
 4 FCPATH\index.php(79): CodeIgniter\CodeIgniter->run()
 5 SYSTEMPATH\Commands\Server\rewrite.php(47): require_once('C:\\xampp\\htdocs\\ci4app\\public\\index.php')
CRITICAL - 2024-02-11 04:04:20 --> Error: Class "App\Models\UserModel" not found
in APPPATH\Controllers\Profile.php on line 11.
 1 SYSTEMPATH\CodeIgniter.php(941): App\Controllers\Profile->index()
 2 SYSTEMPATH\CodeIgniter.php(502): CodeIgniter\CodeIgniter->runController(Object(App\Controllers\Profile))
 3 SYSTEMPATH\CodeIgniter.php(361): CodeIgniter\CodeIgniter->handleRequest(null, Object(Config\Cache), false)
 4 FCPATH\index.php(79): CodeIgniter\CodeIgniter->run()
 5 SYSTEMPATH\Commands\Server\rewrite.php(47): require_once('C:\\xampp\\htdocs\\ci4app\\public\\index.php')
CRITICAL - 2024-02-11 04:06:00 --> Error: Class "App\Models\UserModel" not found
in APPPATH\Controllers\Profile.php on line 11.
 1 SYSTEMPATH\CodeIgniter.php(941): App\Controllers\Profile->index()
 2 SYSTEMPATH\CodeIgniter.php(502): CodeIgniter\CodeIgniter->runController(Object(App\Controllers\Profile))
 3 SYSTEMPATH\CodeIgniter.php(361): CodeIgniter\CodeIgniter->handleRequest(null, Object(Config\Cache), false)
 4 FCPATH\index.php(79): CodeIgniter\CodeIgniter->run()
 5 SYSTEMPATH\Commands\Server\rewrite.php(47): require_once('C:\\xampp\\htdocs\\ci4app\\public\\index.php')
CRITICAL - 2024-02-11 04:06:00 --> Error: Class "App\Models\UserModel" not found
in APPPATH\Controllers\Profile.php on line 11.
 1 SYSTEMPATH\CodeIgniter.php(941): App\Controllers\Profile->index()
 2 SYSTEMPATH\CodeIgniter.php(502): CodeIgniter\CodeIgniter->runController(Object(App\Controllers\Profile))
 3 SYSTEMPATH\CodeIgniter.php(361): CodeIgniter\CodeIgniter->handleRequest(null, Object(Config\Cache), false)
 4 FCPATH\index.php(79): CodeIgniter\CodeIgniter->run()
 5 SYSTEMPATH\Commands\Server\rewrite.php(47): require_once('C:\\xampp\\htdocs\\ci4app\\public\\index.php')
CRITICAL - 2024-02-11 04:06:11 --> Error: Class "App\Models\UserModel" not found
in APPPATH\Controllers\Profile.php on line 11.
 1 SYSTEMPATH\CodeIgniter.php(941): App\Controllers\Profile->index()
 2 SYSTEMPATH\CodeIgniter.php(502): CodeIgniter\CodeIgniter->runController(Object(App\Controllers\Profile))
 3 SYSTEMPATH\CodeIgniter.php(361): CodeIgniter\CodeIgniter->handleRequest(null, Object(Config\Cache), false)
 4 FCPATH\index.php(79): CodeIgniter\CodeIgniter->run()
 5 SYSTEMPATH\Commands\Server\rewrite.php(47): require_once('C:\\xampp\\htdocs\\ci4app\\public\\index.php')
CRITICAL - 2024-02-11 04:06:11 --> Error: Class "App\Models\UserModel" not found
in APPPATH\Controllers\Profile.php on line 11.
 1 SYSTEMPATH\CodeIgniter.php(941): App\Controllers\Profile->index()
 2 SYSTEMPATH\CodeIgniter.php(502): CodeIgniter\CodeIgniter->runController(Object(App\Controllers\Profile))
 3 SYSTEMPATH\CodeIgniter.php(361): CodeIgniter\CodeIgniter->handleRequest(null, Object(Config\Cache), false)
 4 FCPATH\index.php(79): CodeIgniter\CodeIgniter->run()
 5 SYSTEMPATH\Commands\Server\rewrite.php(47): require_once('C:\\xampp\\htdocs\\ci4app\\public\\index.php')
CRITICAL - 2024-02-11 04:06:26 --> Error: Class "App\Models\UserModel" not found
in APPPATH\Controllers\Profile.php on line 11.
 1 SYSTEMPATH\CodeIgniter.php(941): App\Controllers\Profile->index()
 2 SYSTEMPATH\CodeIgniter.php(502): CodeIgniter\CodeIgniter->runController(Object(App\Controllers\Profile))
 3 SYSTEMPATH\CodeIgniter.php(361): CodeIgniter\CodeIgniter->handleRequest(null, Object(Config\Cache), false)
 4 FCPATH\index.php(79): CodeIgniter\CodeIgniter->run()
 5 SYSTEMPATH\Commands\Server\rewrite.php(47): require_once('C:\\xampp\\htdocs\\ci4app\\public\\index.php')
CRITICAL - 2024-02-11 04:06:26 --> Error: Class "App\Models\UserModel" not found
in APPPATH\Controllers\Profile.php on line 11.
 1 SYSTEMPATH\CodeIgniter.php(941): App\Controllers\Profile->index()
 2 SYSTEMPATH\CodeIgniter.php(502): CodeIgniter\CodeIgniter->runController(Object(App\Controllers\Profile))
 3 SYSTEMPATH\CodeIgniter.php(361): CodeIgniter\CodeIgniter->handleRequest(null, Object(Config\Cache), false)
 4 FCPATH\index.php(79): CodeIgniter\CodeIgniter->run()
 5 SYSTEMPATH\Commands\Server\rewrite.php(47): require_once('C:\\xampp\\htdocs\\ci4app\\public\\index.php')
CRITICAL - 2024-02-11 04:06:39 --> ErrorException: Undefined variable $users
in APPPATH\Views\profile\profile.php on line 43.
 1 APPPATH\Views\profile\profile.php(43): CodeIgniter\Debug\Exceptions->errorHandler(2, 'Undefined variable $users', 'C:\\xampp\\htdocs\\ci4app\\app\\Views\\profile\\profile.php', 43)
 2 SYSTEMPATH\View\View.php(228): include('C:\\xampp\\htdocs\\ci4app\\app\\Views\\profile\\profile.php')
 3 SYSTEMPATH\View\View.php(231): CodeIgniter\View\View->CodeIgniter\View\{closure}()
 4 SYSTEMPATH\Common.php(1178): CodeIgniter\View\View->render('profile/profile', [], true)
 5 APPPATH\Controllers\Profile.php(12): view('profile/profile')
 6 SYSTEMPATH\CodeIgniter.php(941): App\Controllers\Profile->index()
 7 SYSTEMPATH\CodeIgniter.php(502): CodeIgniter\CodeIgniter->runController(Object(App\Controllers\Profile))
 8 SYSTEMPATH\CodeIgniter.php(361): CodeIgniter\CodeIgniter->handleRequest(null, Object(Config\Cache), false)
 9 FCPATH\index.php(79): CodeIgniter\CodeIgniter->run()
10 SYSTEMPATH\Commands\Server\rewrite.php(47): require_once('C:\\xampp\\htdocs\\ci4app\\public\\index.php')
CRITICAL - 2024-02-11 04:08:43 --> Error: Class "App\Models\UserModel" not found
in APPPATH\Controllers\Profile.php on line 11.
 1 SYSTEMPATH\CodeIgniter.php(941): App\Controllers\Profile->index()
 2 SYSTEMPATH\CodeIgniter.php(502): CodeIgniter\CodeIgniter->runController(Object(App\Controllers\Profile))
 3 SYSTEMPATH\CodeIgniter.php(361): CodeIgniter\CodeIgniter->handleRequest(null, Object(Config\Cache), false)
 4 FCPATH\index.php(79): CodeIgniter\CodeIgniter->run()
 5 SYSTEMPATH\Commands\Server\rewrite.php(47): require_once('C:\\xampp\\htdocs\\ci4app\\public\\index.php')
CRITICAL - 2024-02-11 04:08:43 --> Error: Class "App\Models\UserModel" not found
in APPPATH\Controllers\Profile.php on line 11.
 1 SYSTEMPATH\CodeIgniter.php(941): App\Controllers\Profile->index()
 2 SYSTEMPATH\CodeIgniter.php(502): CodeIgniter\CodeIgniter->runController(Object(App\Controllers\Profile))
 3 SYSTEMPATH\CodeIgniter.php(361): CodeIgniter\CodeIgniter->handleRequest(null, Object(Config\Cache), false)
 4 FCPATH\index.php(79): CodeIgniter\CodeIgniter->run()
 5 SYSTEMPATH\Commands\Server\rewrite.php(47): require_once('C:\\xampp\\htdocs\\ci4app\\public\\index.php')
CRITICAL - 2024-02-11 04:08:44 --> Error: Class "App\Models\UserModel" not found
in APPPATH\Controllers\Profile.php on line 11.
 1 SYSTEMPATH\CodeIgniter.php(941): App\Controllers\Profile->index()
 2 SYSTEMPATH\CodeIgniter.php(502): CodeIgniter\CodeIgniter->runController(Object(App\Controllers\Profile))
 3 SYSTEMPATH\CodeIgniter.php(361): CodeIgniter\CodeIgniter->handleRequest(null, Object(Config\Cache), false)
 4 FCPATH\index.php(79): CodeIgniter\CodeIgniter->run()
 5 SYSTEMPATH\Commands\Server\rewrite.php(47): require_once('C:\\xampp\\htdocs\\ci4app\\public\\index.php')
CRITICAL - 2024-02-11 04:08:44 --> Error: Class "App\Models\UserModel" not found
in APPPATH\Controllers\Profile.php on line 11.
 1 SYSTEMPATH\CodeIgniter.php(941): App\Controllers\Profile->index()
 2 SYSTEMPATH\CodeIgniter.php(502): CodeIgniter\CodeIgniter->runController(Object(App\Controllers\Profile))
 3 SYSTEMPATH\CodeIgniter.php(361): CodeIgniter\CodeIgniter->handleRequest(null, Object(Config\Cache), false)
 4 FCPATH\index.php(79): CodeIgniter\CodeIgniter->run()
 5 SYSTEMPATH\Commands\Server\rewrite.php(47): require_once('C:\\xampp\\htdocs\\ci4app\\public\\index.php')
CRITICAL - 2024-02-11 04:08:52 --> Error: Class "App\Models\UserModel" not found
in APPPATH\Controllers\Profile.php on line 11.
 1 SYSTEMPATH\CodeIgniter.php(941): App\Controllers\Profile->index()
 2 SYSTEMPATH\CodeIgniter.php(502): CodeIgniter\CodeIgniter->runController(Object(App\Controllers\Profile))
 3 SYSTEMPATH\CodeIgniter.php(361): CodeIgniter\CodeIgniter->handleRequest(null, Object(Config\Cache), false)
 4 FCPATH\index.php(79): CodeIgniter\CodeIgniter->run()
 5 SYSTEMPATH\Commands\Server\rewrite.php(47): require_once('C:\\xampp\\htdocs\\ci4app\\public\\index.php')
CRITICAL - 2024-02-11 04:08:52 --> Error: Class "App\Models\UserModel" not found
in APPPATH\Controllers\Profile.php on line 11.
 1 SYSTEMPATH\CodeIgniter.php(941): App\Controllers\Profile->index()
 2 SYSTEMPATH\CodeIgniter.php(502): CodeIgniter\CodeIgniter->runController(Object(App\Controllers\Profile))
 3 SYSTEMPATH\CodeIgniter.php(361): CodeIgniter\CodeIgniter->handleRequest(null, Object(Config\Cache), false)
 4 FCPATH\index.php(79): CodeIgniter\CodeIgniter->run()
 5 SYSTEMPATH\Commands\Server\rewrite.php(47): require_once('C:\\xampp\\htdocs\\ci4app\\public\\index.php')
CRITICAL - 2024-02-11 04:09:18 --> Error: Class "App\Models\UserModel" not found
in APPPATH\Controllers\Profile.php on line 11.
 1 SYSTEMPATH\CodeIgniter.php(941): App\Controllers\Profile->index()
 2 SYSTEMPATH\CodeIgniter.php(502): CodeIgniter\CodeIgniter->runController(Object(App\Controllers\Profile))
 3 SYSTEMPATH\CodeIgniter.php(361): CodeIgniter\CodeIgniter->handleRequest(null, Object(Config\Cache), false)
 4 FCPATH\index.php(79): CodeIgniter\CodeIgniter->run()
 5 SYSTEMPATH\Commands\Server\rewrite.php(47): require_once('C:\\xampp\\htdocs\\ci4app\\public\\index.php')
CRITICAL - 2024-02-11 04:09:19 --> Error: Class "App\Models\UserModel" not found
in APPPATH\Controllers\Profile.php on line 11.
 1 SYSTEMPATH\CodeIgniter.php(941): App\Controllers\Profile->index()
 2 SYSTEMPATH\CodeIgniter.php(502): CodeIgniter\CodeIgniter->runController(Object(App\Controllers\Profile))
 3 SYSTEMPATH\CodeIgniter.php(361): CodeIgniter\CodeIgniter->handleRequest(null, Object(Config\Cache), false)
 4 FCPATH\index.php(79): CodeIgniter\CodeIgniter->run()
 5 SYSTEMPATH\Commands\Server\rewrite.php(47): require_once('C:\\xampp\\htdocs\\ci4app\\public\\index.php')
CRITICAL - 2024-02-11 04:10:00 --> Error: Class "App\Models\UserModel" not found
in APPPATH\Controllers\Profile.php on line 11.
 1 SYSTEMPATH\CodeIgniter.php(941): App\Controllers\Profile->index()
 2 SYSTEMPATH\CodeIgniter.php(502): CodeIgniter\CodeIgniter->runController(Object(App\Controllers\Profile))
 3 SYSTEMPATH\CodeIgniter.php(361): CodeIgniter\CodeIgniter->handleRequest(null, Object(Config\Cache), false)
 4 FCPATH\index.php(79): CodeIgniter\CodeIgniter->run()
 5 SYSTEMPATH\Commands\Server\rewrite.php(47): require_once('C:\\xampp\\htdocs\\ci4app\\public\\index.php')
CRITICAL - 2024-02-11 04:10:00 --> Error: Class "App\Models\UserModel" not found
in APPPATH\Controllers\Profile.php on line 11.
 1 SYSTEMPATH\CodeIgniter.php(941): App\Controllers\Profile->index()
 2 SYSTEMPATH\CodeIgniter.php(502): CodeIgniter\CodeIgniter->runController(Object(App\Controllers\Profile))
 3 SYSTEMPATH\CodeIgniter.php(361): CodeIgniter\CodeIgniter->handleRequest(null, Object(Config\Cache), false)
 4 FCPATH\index.php(79): CodeIgniter\CodeIgniter->run()
 5 SYSTEMPATH\Commands\Server\rewrite.php(47): require_once('C:\\xampp\\htdocs\\ci4app\\public\\index.php')
CRITICAL - 2024-02-11 04:11:10 --> Error: Class "App\Models\UserModel" not found
in APPPATH\Controllers\Profile.php on line 11.
 1 SYSTEMPATH\CodeIgniter.php(941): App\Controllers\Profile->index()
 2 SYSTEMPATH\CodeIgniter.php(502): CodeIgniter\CodeIgniter->runController(Object(App\Controllers\Profile))
 3 SYSTEMPATH\CodeIgniter.php(361): CodeIgniter\CodeIgniter->handleRequest(null, Object(Config\Cache), false)
 4 FCPATH\index.php(79): CodeIgniter\CodeIgniter->run()
 5 SYSTEMPATH\Commands\Server\rewrite.php(47): require_once('C:\\xampp\\htdocs\\ci4app\\public\\index.php')
CRITICAL - 2024-02-11 04:11:24 --> Error: Class "App\Models\UserModel" not found
in APPPATH\Controllers\Profile.php on line 11.
 1 SYSTEMPATH\CodeIgniter.php(941): App\Controllers\Profile->index()
 2 SYSTEMPATH\CodeIgniter.php(502): CodeIgniter\CodeIgniter->runController(Object(App\Controllers\Profile))
 3 SYSTEMPATH\CodeIgniter.php(361): CodeIgniter\CodeIgniter->handleRequest(null, Object(Config\Cache), false)
 4 FCPATH\index.php(79): CodeIgniter\CodeIgniter->run()
 5 SYSTEMPATH\Commands\Server\rewrite.php(47): require_once('C:\\xampp\\htdocs\\ci4app\\public\\index.php')
CRITICAL - 2024-02-11 04:11:58 --> Error: Class "App\Models\UserModel" not found
in APPPATH\Controllers\Profile.php on line 11.
 1 SYSTEMPATH\CodeIgniter.php(941): App\Controllers\Profile->index()
 2 SYSTEMPATH\CodeIgniter.php(502): CodeIgniter\CodeIgniter->runController(Object(App\Controllers\Profile))
 3 SYSTEMPATH\CodeIgniter.php(361): CodeIgniter\CodeIgniter->handleRequest(null, Object(Config\Cache), false)
 4 FCPATH\index.php(79): CodeIgniter\CodeIgniter->run()
 5 SYSTEMPATH\Commands\Server\rewrite.php(47): require_once('C:\\xampp\\htdocs\\ci4app\\public\\index.php')
CRITICAL - 2024-02-11 04:18:44 --> Error: Class "App\Models\UserModel" not found
in APPPATH\Controllers\Profile.php on line 11.
 1 SYSTEMPATH\CodeIgniter.php(941): App\Controllers\Profile->index()
 2 SYSTEMPATH\CodeIgniter.php(502): CodeIgniter\CodeIgniter->runController(Object(App\Controllers\Profile))
 3 SYSTEMPATH\CodeIgniter.php(361): CodeIgniter\CodeIgniter->handleRequest(null, Object(Config\Cache), false)
 4 FCPATH\index.php(79): CodeIgniter\CodeIgniter->run()
 5 SYSTEMPATH\Commands\Server\rewrite.php(47): require_once('C:\\xampp\\htdocs\\ci4app\\public\\index.php')
CRITICAL - 2024-02-11 04:18:44 --> Error: Class "App\Models\UserModel" not found
in APPPATH\Controllers\Profile.php on line 11.
 1 SYSTEMPATH\CodeIgniter.php(941): App\Controllers\Profile->index()
 2 SYSTEMPATH\CodeIgniter.php(502): CodeIgniter\CodeIgniter->runController(Object(App\Controllers\Profile))
 3 SYSTEMPATH\CodeIgniter.php(361): CodeIgniter\CodeIgniter->handleRequest(null, Object(Config\Cache), false)
 4 FCPATH\index.php(79): CodeIgniter\CodeIgniter->run()
 5 SYSTEMPATH\Commands\Server\rewrite.php(47): require_once('C:\\xampp\\htdocs\\ci4app\\public\\index.php')
CRITICAL - 2024-02-11 04:18:44 --> Error: Class "App\Models\UserModel" not found
in APPPATH\Controllers\Profile.php on line 11.
 1 SYSTEMPATH\CodeIgniter.php(941): App\Controllers\Profile->index()
 2 SYSTEMPATH\CodeIgniter.php(502): CodeIgniter\CodeIgniter->runController(Object(App\Controllers\Profile))
 3 SYSTEMPATH\CodeIgniter.php(361): CodeIgniter\CodeIgniter->handleRequest(null, Object(Config\Cache), false)
 4 FCPATH\index.php(79): CodeIgniter\CodeIgniter->run()
 5 SYSTEMPATH\Commands\Server\rewrite.php(47): require_once('C:\\xampp\\htdocs\\ci4app\\public\\index.php')
CRITICAL - 2024-02-11 04:21:27 --> Error: Class "App\Models\ProfileModel" not found
in APPPATH\Controllers\Profile.php on line 11.
 1 SYSTEMPATH\CodeIgniter.php(941): App\Controllers\Profile->index()
 2 SYSTEMPATH\CodeIgniter.php(502): CodeIgniter\CodeIgniter->runController(Object(App\Controllers\Profile))
 3 SYSTEMPATH\CodeIgniter.php(361): CodeIgniter\CodeIgniter->handleRequest(null, Object(Config\Cache), false)
 4 FCPATH\index.php(79): CodeIgniter\CodeIgniter->run()
 5 SYSTEMPATH\Commands\Server\rewrite.php(47): require_once('C:\\xampp\\htdocs\\ci4app\\public\\index.php')
